[Info] Desktop screen settings detected. DPI: 96 DPI Multiplier: 1.000000 BPP: 32.
[Info] Settings file path: 'EasyAntiCheat/Launcher/Settings64.json'.
[Info] Start. ExecutablePath: 'Win64\Paladins.exe' LaunchParameters: '-pid=402 -steam -anon  -seekfreeloadingPCConsole -eac_dir "..\\EasyAntiCheat\\" -debuggie'.
[Info] Finished window initialization.
[Info] [LauncherProgress] 0%.
[Info] [LauncherProgress] 0%.
[Info] [LauncherProgress] 0%.
[Info] [LauncherProgress] 0%.
[Info] [LauncherProgress] 0%.
[Info] [LauncherProgress] 0%.
[Info] [LauncherProgress] 0%.
[Info] [LauncherProgress] 0%.
[Info] [LauncherProgress] 0%.
[Info] [LauncherProgress] 0%.
[Info] [LauncherProgress] 0%.
[Info] [LauncherProgress] 0%.
[Info] [LauncherProgress] 0%.
[Info] [LauncherProgress] 0%.
[Info] [LauncherProgress] 0%.
[Info] [LauncherProgress] 0%.
[Info] [LauncherProgress] 0%.
[Info] [LauncherProgress] 0%.
[Info] [LauncherProgress] 0%.
[Info] [LauncherProgress] 0%.
[Info] [LauncherProgress] 0%.
[Info] [LauncherProgress] 0%.
[Info] [LauncherProgress] 0%.
[Info] [LauncherProgress] 0%.
[Info] [LauncherProgress] 0%.
[Info] [LauncherProgress] 0%.
[Info] [LauncherProgress] 0%.
[Info] [LauncherProgress] 0%.
[Info] [LauncherProgress] 0%.
[Info] [LauncherProgress] 0%.
[Info] [LauncherProgress] 0%.
[Info] [LauncherProgress] 0%.
[Info] [LauncherProgress] 0%.
[Info] [LauncherProgress] 0%.
[Info] [LauncherProgress] 0%.
[Info] [LauncherProgress] 0%.
[Info] [LauncherProgress] 1%.
[Info] [LauncherProgress] 1%.
[Info] [LauncherProgress] 1%.
[Info] [LauncherProgress] 1%.
[Info] [LauncherProgress] 1%.
[Info] [LauncherProgress] 1%.
[Info] [LauncherProgress] 2%.
[Info] [LauncherProgress] 2%.
[Info] [LauncherProgress] 2%.
[Info] [LauncherProgress] 2%.
[Info] [LauncherProgress] 3%.
[Info] [LauncherProgress] 3%.
[Info] [LauncherProgress] 3%.
[Info] [LauncherProgress] 3%.
[Info] [LauncherProgress] 3%.
[Info] [LauncherProgress] 3%.
[Info] [LauncherProgress] 3%.
[Info] [LauncherProgress] 3%.
[Info] [LauncherProgress] 4%.
[Info] [LauncherProgress] 4%.
[Info] [LauncherProgress] 4%.
[Info] [LauncherProgress] 4%.
[Info] [LauncherProgress] 4%.
[Info] [LauncherProgress] 4%.
[Info] [LauncherProgress] 4%.
[Info] [LauncherProgress] 4%.
[Info] [LauncherProgress] 5%.
[Info] [LauncherProgress] 5%.
[Info] [LauncherProgress] 5%.
[Info] [LauncherProgress] 5%.
[Info] [LauncherProgress] 5%.
[Info] [LauncherProgress] 5%.
[Info] [LauncherProgress] 5%.
[Info] [LauncherProgress] 5%.
[Info] [LauncherProgress] 6%.
[Info] [LauncherProgress] 6%.
[Info] [LauncherProgress] 6%.
[Info] [LauncherProgress] 6%.
[Info] [LauncherProgress] 7%.
[Info] [LauncherProgress] 7%.
[Info] [LauncherProgress] 7%.
[Info] [LauncherProgress] 7%.
[Info] [LauncherProgress] 7%.
[Info] [LauncherProgress] 7%.
[Info] [LauncherProgress] 7%.
[Info] [LauncherProgress] 7%.
[Info] [LauncherProgress] 7%.
[Info] [LauncherProgress] 7%.
[Info] [LauncherProgress] 7%.
[Info] [LauncherProgress] 7%.
[Info] [LauncherProgress] 8%.
[Info] [LauncherProgress] 8%.
[Info] [LauncherProgress] 8%.
[Info] [LauncherProgress] 8%.
[Info] [LauncherProgress] 8%.
[Info] [LauncherProgress] 8%.
[Info] [LauncherProgress] 8%.
[Info] [LauncherProgress] 8%.
[Info] [LauncherProgress] 9%.
[Info] [LauncherProgress] 9%.
[Info] [LauncherProgress] 9%.
[Info] [LauncherProgress] 9%.
[Info] [LauncherProgress] 10%.
[Info] [LauncherProgress] 10%.
[Info] [LauncherProgress] 10%.
[Info] [LauncherProgress] 10%.
[Info] [LauncherProgress] 10%.
[Info] [LauncherProgress] 10%.
[Info] [LauncherProgress] 10%.
[Info] [LauncherProgress] 10%.
[Info] [LauncherProgress] 11%.
[Info] [LauncherProgress] 11%.
[Info] [LauncherProgress] 11%.
[Info] [LauncherProgress] 11%.
[Info] [LauncherProgress] 12%.
[Info] [LauncherProgress] 12%.
[Info] [LauncherProgress] 12%.
[Info] [LauncherProgress] 12%.
[Info] [LauncherProgress] 13%.
[Info] [LauncherProgress] 13%.
[Info] [LauncherProgress] 13%.
[Info] [LauncherProgress] 13%.
[Info] [LauncherProgress] 14%.
[Info] [LauncherProgress] 14%.
[Info] [LauncherProgress] 14%.
[Info] [LauncherProgress] 14%.
[Info] [LauncherProgress] 14%.
[Info] [LauncherProgress] 14%.
[Info] [LauncherProgress] 14%.
[Info] [LauncherProgress] 14%.
[Info] [LauncherProgress] 14%.
[Info] [LauncherProgress] 14%.
[Info] [LauncherProgress] 14%.
[Info] [LauncherProgress] 14%.
[Info] [LauncherProgress] 14%.
[Info] [LauncherProgress] 14%.
[Info] [LauncherProgress] 14%.
[Info] [LauncherProgress] 14%.
[Info] [LauncherProgress] 15%.
[Info] [LauncherProgress] 15%.
[Info] [LauncherProgress] 15%.
[Info] [LauncherProgress] 15%.
[Info] [LauncherProgress] 15%.
[Info] [LauncherProgress] 15%.
[Info] [LauncherProgress] 15%.
[Info] [LauncherProgress] 15%.
[Info] [LauncherProgress] 16%.
[Info] [LauncherProgress] 16%.
[Info] [LauncherProgress] 16%.
[Info] [LauncherProgress] 16%.
[Info] [LauncherProgress] 17%.
[Info] [LauncherProgress] 17%.
[Info] [LauncherProgress] 17%.
[Info] [LauncherProgress] 17%.
[Info] [LauncherProgress] 17%.
[Info] [LauncherProgress] 17%.
[Info] [LauncherProgress] 17%.
[Info] [LauncherProgress] 17%.
[Info] [LauncherProgress] 18%.
[Info] [LauncherProgress] 18%.
[Info] [LauncherProgress] 18%.
[Info] [LauncherProgress] 18%.
[Info] [LauncherProgress] 19%.
[Info] [LauncherProgress] 19%.
[Info] [LauncherProgress] 19%.
[Info] [LauncherProgress] 19%.
[Info] [LauncherProgress] 20%.
[Info] [LauncherProgress] 20%.
[Info] [LauncherProgress] 20%.
[Info] [LauncherProgress] 20%.
[Info] [LauncherProgress] 21%.
[Info] [LauncherProgress] 21%.
[Info] [LauncherProgress] 21%.
[Info] [LauncherProgress] 21%.
[Info] [LauncherProgress] 21%.
[Info] [LauncherProgress] 21%.
[Info] [LauncherProgress] 21%.
[Info] [LauncherProgress] 21%.
[Info] [LauncherProgress] 22%.
[Info] [LauncherProgress] 22%.
[Info] [LauncherProgress] 22%.
[Info] [LauncherProgress] 22%.
[Info] [LauncherProgress] 23%.
[Info] [LauncherProgress] 23%.
[Info] [LauncherProgress] 23%.
[Info] [LauncherProgress] 23%.
[Info] [LauncherProgress] 23%.
[Info] [LauncherProgress] 23%.
[Info] [LauncherProgress] 24%.
[Info] [LauncherProgress] 24%.
[Info] [LauncherProgress] 24%.
[Info] [LauncherProgress] 24%.
[Info] [LauncherProgress] 24%.
[Info] [LauncherProgress] 24%.
[Info] [LauncherProgress] 24%.
[Info] [LauncherProgress] 24%.
[Info] [LauncherProgress] 25%.
[Info] [LauncherProgress] 25%.
[Info] [LauncherProgress] 25%.
[Info] [LauncherProgress] 25%.
[Info] [LauncherProgress] 26%.
[Info] [LauncherProgress] 26%.
[Info] [LauncherProgress] 26%.
[Info] [LauncherProgress] 26%.
[Info] [LauncherProgress] 26%.
[Info] [LauncherProgress] 26%.
[Info] [LauncherProgress] 26%.
[Info] [LauncherProgress] 26%.
[Info] [LauncherProgress] 26%.
[Info] [LauncherProgress] 26%.
[Info] [LauncherProgress] 27%.
[Info] [LauncherProgress] 27%.
[Info] [LauncherProgress] 27%.
[Info] [LauncherProgress] 27%.
[Info] [LauncherProgress] 27%.
[Info] [LauncherProgress] 27%.
[Info] [LauncherProgress] 28%.
[Info] [LauncherProgress] 28%.
[Info] [LauncherProgress] 28%.
[Info] [LauncherProgress] 28%.
[Info] [LauncherProgress] 28%.
[Info] [LauncherProgress] 28%.
[Info] [LauncherProgress] 28%.
[Info] [LauncherProgress] 28%.
[Info] [LauncherProgress] 28%.
[Info] [LauncherProgress] 28%.
[Info] [LauncherProgress] 29%.
[Info] [LauncherProgress] 29%.
[Info] [LauncherProgress] 29%.
[Info] [LauncherProgress] 29%.
[Info] [LauncherProgress] 30%.
[Info] [LauncherProgress] 30%.
[Info] [LauncherProgress] 30%.
[Info] [LauncherProgress] 30%.
[Info] [LauncherProgress] 31%.
[Info] [LauncherProgress] 31%.
[Info] [LauncherProgress] 31%.
[Info] [LauncherProgress] 31%.
[Info] [LauncherProgress] 31%.
[Info] [LauncherProgress] 31%.
[Info] [LauncherProgress] 31%.
[Info] [LauncherProgress] 31%.
[Info] [LauncherProgress] 32%.
[Info] [LauncherProgress] 32%.
[Info] [LauncherProgress] 32%.
[Info] [LauncherProgress] 32%.
[Info] [LauncherProgress] 32%.
[Info] [LauncherProgress] 32%.
[Info] [LauncherProgress] 33%.
[Info] [LauncherProgress] 33%.
[Info] [LauncherProgress] 33%.
[Info] [LauncherProgress] 33%.
[Info] [LauncherProgress] 34%.
[Info] [LauncherProgress] 34%.
[Info] [LauncherProgress] 34%.
[Info] [LauncherProgress] 34%.
[Info] [LauncherProgress] 35%.
[Info] [LauncherProgress] 35%.
[Info] [LauncherProgress] 35%.
[Info] [LauncherProgress] 35%.
[Info] [LauncherProgress] 35%.
[Info] [LauncherProgress] 35%.
[Info] [LauncherProgress] 35%.
[Info] [LauncherProgress] 35%.
[Info] [LauncherProgress] 36%.
[Info] [LauncherProgress] 36%.
[Info] [LauncherProgress] 36%.
[Info] [LauncherProgress] 36%.
[Info] [LauncherProgress] 37%.
[Info] [LauncherProgress] 37%.
[Info] [LauncherProgress] 37%.
[Info] [LauncherProgress] 37%.
[Info] [LauncherProgress] 38%.
[Info] [LauncherProgress] 38%.
[Info] [LauncherProgress] 38%.
[Info] [LauncherProgress] 38%.
[Info] [LauncherProgress] 38%.
[Info] [LauncherProgress] 38%.
[Info] [LauncherProgress] 38%.
[Info] [LauncherProgress] 38%.
[Info] [LauncherProgress] 38%.
[Info] [LauncherProgress] 38%.
[Info] [LauncherProgress] 38%.
[Info] [LauncherProgress] 38%.
[Info] [LauncherProgress] 38%.
[Info] [LauncherProgress] 38%.
[Info] [LauncherProgress] 38%.
[Info] [LauncherProgress] 38%.
[Info] [LauncherProgress] 38%.
[Info] [LauncherProgress] 38%.
[Info] [LauncherProgress] 38%.
[Info] [LauncherProgress] 38%.
[Info] [LauncherProgress] 38%.
[Info] [LauncherProgress] 38%.
[Info] [LauncherProgress] 39%.
[Info] [LauncherProgress] 39%.
[Info] [LauncherProgress] 39%.
[Info] [LauncherProgress] 39%.
[Info] [LauncherProgress] 39%.
[Info] [LauncherProgress] 39%.
[Info] [LauncherProgress] 39%.
[Info] [LauncherProgress] 39%.
[Info] [LauncherProgress] 39%.
[Info] [LauncherProgress] 39%.
[Info] [LauncherProgress] 39%.
[Info] [LauncherProgress] 39%.
[Info] [LauncherProgress] 40%.
[Info] [LauncherProgress] 40%.
[Info] [LauncherProgress] 40%.
[Info] [LauncherProgress] 40%.
[Info] [LauncherProgress] 40%.
[Info] [LauncherProgress] 40%.
[Info] [LauncherProgress] 40%.
[Info] [LauncherProgress] 40%.
[Info] [LauncherProgress] 40%.
[Info] [LauncherProgress] 40%.
[Info] [LauncherProgress] 40%.
[Info] [LauncherProgress] 40%.
[Info] [LauncherProgress] 40%.
[Info] [LauncherProgress] 40%.
[Info] [LauncherProgress] 41%.
[Info] [LauncherProgress] 41%.
[Info] [LauncherProgress] 41%.
[Info] [LauncherProgress] 41%.
[Info] [LauncherProgress] 42%.
[Info] [LauncherProgress] 42%.
[Info] [LauncherProgress] 42%.
[Info] [LauncherProgress] 42%.
[Info] [LauncherProgress] 42%.
[Info] [LauncherProgress] 42%.
[Info] [LauncherProgress] 42%.
[Info] [LauncherProgress] 42%.
[Info] [LauncherProgress] 43%.
[Info] [LauncherProgress] 43%.
[Info] [LauncherProgress] 43%.
[Info] [LauncherProgress] 43%.
[Info] [LauncherProgress] 43%.
[Info] [LauncherProgress] 43%.
[Info] [LauncherProgress] 44%.
[Info] [LauncherProgress] 44%.
[Info] [LauncherProgress] 44%.
[Info] [LauncherProgress] 44%.
[Info] [LauncherProgress] 45%.
[Info] [LauncherProgress] 45%.
[Info] [LauncherProgress] 45%.
[Info] [LauncherProgress] 45%.
[Info] [LauncherProgress] 45%.
[Info] [LauncherProgress] 45%.
[Info] [LauncherProgress] 45%.
[Info] [LauncherProgress] 45%.
[Info] [LauncherProgress] 46%.
[Info] [LauncherProgress] 46%.
[Info] [LauncherProgress] 46%.
[Info] [LauncherProgress] 46%.
[Info] [LauncherProgress] 46%.
[Info] [LauncherProgress] 46%.
[Info] [LauncherProgress] 47%.
[Info] [LauncherProgress] 47%.
[Info] [LauncherProgress] 47%.
[Info] [LauncherProgress] 47%.
[Info] [LauncherProgress] 48%.
[Info] [LauncherProgress] 48%.
[Info] [LauncherProgress] 48%.
[Info] [LauncherProgress] 48%.
[Info] [LauncherProgress] 49%.
[Info] [LauncherProgress] 49%.
[Info] [LauncherProgress] 49%.
[Info] [LauncherProgress] 49%.
[Info] [LauncherProgress] 49%.
[Info] [LauncherProgress] 49%.
[Info] [LauncherProgress] 49%.
[Info] [LauncherProgress] 49%.
[Info] [LauncherProgress] 50%.
[Info] [LauncherProgress] 50%.
[Info] [LauncherProgress] 50%.
[Info] [LauncherProgress] 50%.
[Info] [LauncherProgress] 51%.
[Info] [LauncherProgress] 51%.
[Info] [LauncherProgress] 51%.
[Info] [LauncherProgress] 51%.
[Info] [LauncherProgress] 51%.
[Info] [LauncherProgress] 51%.
[Info] [LauncherProgress] 51%.
[Info] [LauncherProgress] 51%.
[Info] [LauncherProgress] 51%.
[Info] [LauncherProgress] 51%.
[Info] [LauncherProgress] 51%.
[Info] [LauncherProgress] 51%.
[Info] [LauncherProgress] 52%.
[Info] [LauncherProgress] 52%.
[Info] [LauncherProgress] 52%.
[Info] [LauncherProgress] 52%.
[Info] [LauncherProgress] 52%.
[Info] [LauncherProgress] 52%.
[Info] [LauncherProgress] 53%.
[Info] [LauncherProgress] 53%.
[Info] [LauncherProgress] 53%.
[Info] [LauncherProgress] 53%.
[Info] [LauncherProgress] 53%.
[Info] [LauncherProgress] 53%.
[Info] [LauncherProgress] 53%.
[Info] [LauncherProgress] 53%.
[Info] [LauncherProgress] 53%.
[Info] [LauncherProgress] 53%.
[Info] [LauncherProgress] 53%.
[Info] [LauncherProgress] 53%.
[Info] [LauncherProgress] 54%.
[Info] [LauncherProgress] 54%.
[Info] [LauncherProgress] 54%.
[Info] [LauncherProgress] 54%.
[Info] [LauncherProgress] 54%.
[Info] [LauncherProgress] 54%.
[Info] [LauncherProgress] 55%.
[Info] [LauncherProgress] 55%.
[Info] [LauncherProgress] 55%.
[Info] [LauncherProgress] 55%.
[Info] [LauncherProgress] 55%.
[Info] [LauncherProgress] 55%.
[Info] [LauncherProgress] 56%.
[Info] [LauncherProgress] 56%.
[Info] [LauncherProgress] 56%.
[Info] [LauncherProgress] 56%.
[Info] [LauncherProgress] 56%.
[Info] [LauncherProgress] 56%.
[Info] [LauncherProgress] 56%.
[Info] [LauncherProgress] 56%.
[Info] [LauncherProgress] 56%.
[Info] [LauncherProgress] 56%.
[Info] [LauncherProgress] 57%.
[Info] [LauncherProgress] 57%.
[Info] [LauncherProgress] 57%.
[Info] [LauncherProgress] 57%.
[Info] [LauncherProgress] 58%.
[Info] [LauncherProgress] 58%.
[Info] [LauncherProgress] 58%.
[Info] [LauncherProgress] 58%.
[Info] [LauncherProgress] 58%.
[Info] [LauncherProgress] 58%.
[Info] [LauncherProgress] 59%.
[Info] [LauncherProgress] 59%.
[Info] [LauncherProgress] 59%.
[Info] [LauncherProgress] 59%.
[Info] [LauncherProgress] 60%.
[Info] [LauncherProgress] 60%.
[Info] [LauncherProgress] 61%.
[Info] [LauncherProgress] 61%.
[Info] [LauncherProgress] 61%.
[Info] [LauncherProgress] 61%.
[Info] [LauncherProgress] 62%.
[Info] [LauncherProgress] 62%.
[Info] [LauncherProgress] 62%.
[Info] [LauncherProgress] 62%.
[Info] [LauncherProgress] 62%.
[Info] [LauncherProgress] 62%.
[Info] [LauncherProgress] 62%.
[Info] [LauncherProgress] 62%.
[Info] [LauncherProgress] 63%.
[Info] [LauncherProgress] 63%.
[Info] [LauncherProgress] 63%.
[Info] [LauncherProgress] 63%.
[Info] [LauncherProgress] 63%.
[Info] [LauncherProgress] 63%.
[Info] [LauncherProgress] 63%.
[Info] [LauncherProgress] 63%.
[Info] [LauncherProgress] 63%.
[Info] [LauncherProgress] 63%.
[Info] [LauncherProgress] 63%.
[Info] [LauncherProgress] 63%.
[Info] [LauncherProgress] 63%.
[Info] [LauncherProgress] 63%.
[Info] [LauncherProgress] 63%.
[Info] [LauncherProgress] 63%.
[Info] [LauncherProgress] 64%.
[Info] [LauncherProgress] 64%.
[Info] [LauncherProgress] 64%.
[Info] [LauncherProgress] 64%.
[Info] [LauncherProgress] 64%.
[Info] [LauncherProgress] 64%.
[Info] [LauncherProgress] 65%.
[Info] [LauncherProgress] 65%.
[Info] [LauncherProgress] 65%.
[Info] [LauncherProgress] 65%.
[Info] [LauncherProgress] 65%.
[Info] [LauncherProgress] 65%.
[Info] [LauncherProgress] 65%.
[Info] [LauncherProgress] 65%.
[Info] [LauncherProgress] 65%.
[Info] [LauncherProgress] 65%.
[Info] [LauncherProgress] 66%.
[Info] [LauncherProgress] 66%.
[Info] [LauncherProgress] 66%.
[Info] [LauncherProgress] 66%.
[Info] [LauncherProgress] 67%.
[Info] [LauncherProgress] 67%.
[Info] [LauncherProgress] 67%.
[Info] [LauncherProgress] 67%.
[Info] [LauncherProgress] 67%.
[Info] [LauncherProgress] 67%.
[Info] [LauncherProgress] 67%.
[Info] [LauncherProgress] 67%.
[Info] [LauncherProgress] 67%.
[Info] [LauncherProgress] 67%.
[Info] [LauncherProgress] 67%.
[Info] [LauncherProgress] 67%.
[Info] [LauncherProgress] 68%.
[Info] [LauncherProgress] 68%.
[Info] [LauncherProgress] 68%.
[Info] [LauncherProgress] 68%.
[Info] [LauncherProgress] 69%.
[Info] [LauncherProgress] 69%.
[Info] [LauncherProgress] 69%.
[Info] [LauncherProgress] 69%.
[Info] [LauncherProgress] 70%.
[Info] [LauncherProgress] 70%.
[Info] [LauncherProgress] 70%.
[Info] [LauncherProgress] 70%.
[Info] [LauncherProgress] 70%.
[Info] [LauncherProgress] 70%.
[Info] [LauncherProgress] 70%.
[Info] [LauncherProgress] 70%.
[Info] [LauncherProgress] 71%.
[Info] [LauncherProgress] 71%.
[Info] [LauncherProgress] 71%.
[Info] [LauncherProgress] 71%.
[Info] [LauncherProgress] 72%.
[Info] [LauncherProgress] 72%.
[Info] [LauncherProgress] 72%.
[Info] [LauncherProgress] 72%.
[Info] [LauncherProgress] 73%.
[Info] [LauncherProgress] 73%.
[Info] [LauncherProgress] 73%.
[Info] [LauncherProgress] 73%.
[Info] [LauncherProgress] 73%.
[Info] [LauncherProgress] 73%.
[Info] [LauncherProgress] 74%.
[Info] [LauncherProgress] 74%.
[Info] [LauncherProgress] 74%.
[Info] [LauncherProgress] 74%.
[Info] [LauncherProgress] 74%.
[Info] [LauncherProgress] 74%.
[Info] [LauncherProgress] 74%.
[Info] [LauncherProgress] 74%.
[Info] [LauncherProgress] 74%.
[Info] [LauncherProgress] 74%.
[Info] [LauncherProgress] 75%.
[Info] [LauncherProgress] 75%.
[Info] [LauncherProgress] 75%.
[Info] [LauncherProgress] 75%.
[Info] [LauncherProgress] 75%.
[Info] [LauncherProgress] 75%.
[Info] [LauncherProgress] 75%.
[Info] [LauncherProgress] 75%.
[Info] [LauncherProgress] 76%.
[Info] [LauncherProgress] 76%.
[Info] [LauncherProgress] 76%.
[Info] [LauncherProgress] 76%.
[Info] [LauncherProgress] 76%.
[Info] [LauncherProgress] 76%.
[Info] [LauncherProgress] 76%.
[Info] [LauncherProgress] 76%.
[Info] [LauncherProgress] 76%.
[Info] [LauncherProgress] 76%.
[Info] [LauncherProgress] 76%.
[Info] [LauncherProgress] 76%.
[Info] [LauncherProgress] 77%.
[Info] [LauncherProgress] 77%.
[Info] [LauncherProgress] 77%.
[Info] [LauncherProgress] 77%.
[Info] [LauncherProgress] 77%.
[Info] [LauncherProgress] 77%.
[Info] [LauncherProgress] 77%.
[Info] [LauncherProgress] 77%.
[Info] [LauncherProgress] 77%.
[Info] [LauncherProgress] 77%.
[Info] [LauncherProgress] 77%.
[Info] [LauncherProgress] 77%.
[Info] [LauncherProgress] 78%.
[Info] [LauncherProgress] 78%.
[Info] [LauncherProgress] 78%.
[Info] [LauncherProgress] 78%.
[Info] [LauncherProgress] 79%.
[Info] [LauncherProgress] 79%.
[Info] [LauncherProgress] 79%.
[Info] [LauncherProgress] 79%.
[Info] [LauncherProgress] 79%.
[Info] [LauncherProgress] 79%.
[Info] [LauncherProgress] 80%.
[Info] [LauncherProgress] 80%.
[Info] [LauncherProgress] 80%.
[Info] [LauncherProgress] 80%.
[Info] [LauncherProgress] 80%.
[Info] [LauncherProgress] 80%.
[Info] [LauncherProgress] 81%.
[Info] [LauncherProgress] 81%.
[Info] [LauncherProgress] 81%.
[Info] [LauncherProgress] 81%.
[Info] [LauncherProgress] 81%.
[Info] [LauncherProgress] 81%.
[Info] [LauncherProgress] 81%.
[Info] [LauncherProgress] 81%.
[Info] [LauncherProgress] 82%.
[Info] [LauncherProgress] 82%.
[Info] [LauncherProgress] 82%.
[Info] [LauncherProgress] 82%.
[Info] [LauncherProgress] 83%.
[Info] [LauncherProgress] 83%.
[Info] [LauncherProgress] 83%.
[Info] [LauncherProgress] 83%.
[Info] [LauncherProgress] 83%.
[Info] [LauncherProgress] 83%.
[Info] [LauncherProgress] 84%.
[Info] [LauncherProgress] 84%.
[Info] [LauncherProgress] 84%.
[Info] [LauncherProgress] 84%.
[Info] [LauncherProgress] 84%.
[Info] [LauncherProgress] 84%.
[Info] [LauncherProgress] 84%.
[Info] [LauncherProgress] 84%.
[Info] [LauncherProgress] 85%.
[Info] [LauncherProgress] 85%.
[Info] [LauncherProgress] 85%.
[Info] [LauncherProgress] 85%.
[Info] [LauncherProgress] 86%.
[Info] [LauncherProgress] 86%.
[Info] [LauncherProgress] 86%.
[Info] [LauncherProgress] 86%.
[Info] [LauncherProgress] 87%.
[Info] [LauncherProgress] 87%.
[Info] [LauncherProgress] 87%.
[Info] [LauncherProgress] 87%.
[Info] [LauncherProgress] 88%.
[Info] [LauncherProgress] 88%.
[Info] [LauncherProgress] 88%.
[Info] [LauncherProgress] 88%.
[Info] [LauncherProgress] 88%.
[Info] [LauncherProgress] 88%.
[Info] [LauncherProgress] 88%.
[Info] [LauncherProgress] 88%.
[Info] [LauncherProgress] 88%.
[Info] [LauncherProgress] 88%.
[Info] [LauncherProgress] 88%.
[Info] [LauncherProgress] 88%.
[Info] [LauncherProgress] 88%.
[Info] [LauncherProgress] 88%.
[Info] [LauncherProgress] 88%.
[Info] [LauncherProgress] 88%.
[Info] [LauncherProgress] 88%.
[Info] [LauncherProgress] 88%.
[Info] [LauncherProgress] 88%.
[Info] [LauncherProgress] 88%.
[Info] [LauncherProgress] 91%.
[Info] [LauncherProgress] 91%.
[Info] [LauncherProgress] 91%.
[Info] [LauncherProgress] 91%.
[Info] [LauncherProgress] 91%.
[Info] [LauncherProgress] 91%.
[Info] [LauncherProgress] 91%.
[Info] [LauncherProgress] 91%.
[Info] [LauncherProgress] 91%.
[Info] [LauncherProgress] 91%.
[Info] [LauncherProgress] 92%.
[Info] [LauncherProgress] 92%.
[Info] [LauncherProgress] 93%.
[Info] [LauncherProgress] 93%.
[Info] [LauncherProgress] 93%.
[Info] [LauncherProgress] 93%.
[Info] [LauncherProgress] 93%.
[Info] [LauncherProgress] 93%.
[Info] [LauncherProgress] 94%.
[Info] [LauncherProgress] 94%.
[Info] [LauncherProgress] 94%.
[Info] [LauncherProgress] 94%.
[Info] [LauncherProgress] 95%.
[Info] [LauncherProgress] 95%.
[Info] [LauncherProgress] 95%.
[Info] [LauncherProgress] 95%.
[Info] [LauncherProgress] 95%.
[Info] [LauncherProgress] 95%.
[Info] [LauncherProgress] 95%.
[Info] [LauncherProgress] 95%.
[Info] [LauncherProgress] 96%.
[Info] [LauncherProgress] 96%.
[Info] [LauncherProgress] 96%.
[Info] [LauncherProgress] 96%.
[Info] [LauncherProgress] 97%.
[Info] [LauncherProgress] 97%.
[Info] [LauncherProgress] 97%.
[Info] [LauncherProgress] 97%.
[Info] [LauncherProgress] 98%.
[Info] [LauncherProgress] 98%.
[Info] [LauncherProgress] 98%.
[Info] [LauncherProgress] 98%.
[Info] [LauncherProgress] 99%.
[Info] [LauncherProgress] 99%.
[Info] [LauncherProgress] 99%.
[Info] [LauncherProgress] 99%.
[Info] [LauncherProgress] 99%.
[Info] [LauncherProgress] 99%.
[Info] [LauncherProgress] 100%.
[Info] [LauncherProgress] 100%.
[Info] [LauncherProgress] 100%.
[Info] [LauncherProgress] 100%.
[Info] [LauncherProgress] 100%.
[Info] [LauncherFinished] EACAsyncResult: 4 Message: 'Cannot create service (StartService failed: 2)'.
[Info] Exit button pressed by user.
[Info] Unloading the EasyAntiCheat library.
[Info] Destroying windows.
[Info] Exit.
